  addqv   v0.8h,p0,z0.h
  addqv   v21.8h,p5,z10.h
  addqv   v23.8h,p3,z13.h
  addqv   v31.8h,p7,z31.h
  addqv   v0.4s,p0,z0.s
  addqv   v21.4s,p5,z10.s
  addqv   v23.4s,p3,z13.s
  addqv   v31.4s,p7,z31.s
  addqv   v0.2d,p0,z0.d
  addqv   v21.2d,p5,z10.d
  addqv   v23.2d,p3,z13.d
  addqv   v31.2d,p7,z31.d
  addqv   v0.16b,p0,z0.b
  addqv   v21.16b,p5,z10.b
  addqv   v23.16b,p3,z13.b
  addqv   v31.16b,p7,z31.b
  andqv   v0.8h,p0,z0.h
  andqv   v21.8h,p5,z10.h
  andqv   v23.8h,p3,z13.h
  andqv   v31.8h,p7,z31.h
  andqv   v0.4s,p0,z0.s
  andqv   v21.4s,p5,z10.s
  andqv   v23.4s,p3,z13.s
  andqv   v31.4s,p7,z31.s
  andqv   v0.2d,p0,z0.d
  andqv   v21.2d,p5,z10.d
  andqv   v23.2d,p3,z13.d
  andqv   v31.2d,p7,z31.d
  andqv   v0.16b,p0,z0.b
  andqv   v21.16b,p5,z10.b
  andqv   v23.16b,p3,z13.b
  andqv   v31.16b,p7,z31.b
  movprfx z23.h,p3/m,z31.h
  bfadd   z23.h,p3/m,z23.h,z13.h
  movprfx z23,z31
  bfadd   z23.h,p3/m,z23.h,z13.h
  bfadd   z0.h,p0/m,z0.h,z0.h
  bfadd   z21.h,p5/m,z21.h,z10.h
  bfadd   z23.h,p3/m,z23.h,z13.h
  bfadd   z31.h,p7/m,z31.h,z31.h
  bfadd   z0.h,z0.h,z0.h
  bfadd   z21.h,z10.h,z21.h
  bfadd   z23.h,z13.h,z8.h
  bfadd   z31.h,z31.h,z31.h
  movprfx z23,z31
  bfclamp z23.h,z13.h,z8.h
  bfclamp z0.h,z0.h,z0.h
  bfclamp z21.h,z10.h,z21.h
  bfclamp z23.h,z13.h,z8.h
  bfclamp z31.h,z31.h,z31.h
  movprfx z23.h,p3/m,z31.h
  bfmax   z23.h,p3/m,z23.h,z13.h
  movprfx z23,z31
  bfmax   z23.h,p3/m,z23.h,z13.h
  bfmax   z0.h,p0/m,z0.h,z0.h
  bfmax   z21.h,p5/m,z21.h,z10.h
  bfmax   z23.h,p3/m,z23.h,z13.h
  bfmax   z31.h,p7/m,z31.h,z31.h
  movprfx z23.h,p3/m,z31.h
  bfmaxnm z23.h,p3/m,z23.h,z13.h
  movprfx z23,z31
  bfmaxnm z23.h,p3/m,z23.h,z13.h
  bfmaxnm z0.h,p0/m,z0.h,z0.h
  bfmaxnm z21.h,p5/m,z21.h,z10.h
  bfmaxnm z23.h,p3/m,z23.h,z13.h
  bfmaxnm z31.h,p7/m,z31.h,z31.h
  movprfx z23.h,p3/m,z31.h
  bfmin   z23.h,p3/m,z23.h,z13.h
  movprfx z23,z31
  bfmin   z23.h,p3/m,z23.h,z13.h
  bfmin   z0.h,p0/m,z0.h,z0.h
  bfmin   z21.h,p5/m,z21.h,z10.h
  bfmin   z23.h,p3/m,z23.h,z13.h
  bfmin   z31.h,p7/m,z31.h,z31.h
  movprfx z23.h,p3/m,z31.h
  bfminnm z23.h,p3/m,z23.h,z13.h
  movprfx z23,z31
  bfminnm z23.h,p3/m,z23.h,z13.h
  bfminnm z0.h,p0/m,z0.h,z0.h
  bfminnm z21.h,p5/m,z21.h,z10.h
  bfminnm z23.h,p3/m,z23.h,z13.h
  bfminnm z31.h,p7/m,z31.h,z31.h
  movprfx z23,z31
  bfmla   z23.h,z13.h,z0.h[5]
  bfmla   z0.h,z0.h,z0.h[0]
  bfmla   z21.h,z10.h,z5.h[6]
  bfmla   z23.h,z13.h,z0.h[5]
  bfmla   z31.h,z31.h,z7.h[7]
  movprfx z23.h,p3/m,z31.h
  bfmla   z23.h,p3/m,z13.h,z8.h
  movprfx z23,z31
  bfmla   z23.h,p3/m,z13.h,z8.h
  bfmla   z0.h,p0/m,z0.h,z0.h
  bfmla   z21.h,p5/m,z10.h,z21.h
  bfmla   z23.h,p3/m,z13.h,z8.h
  bfmla   z31.h,p7/m,z31.h,z31.h
  movprfx z23,z31
  bfmls   z23.h,z13.h,z0.h[5]
  bfmls   z0.h,z0.h,z0.h[0]
  bfmls   z21.h,z10.h,z5.h[6]
  bfmls   z23.h,z13.h,z0.h[5]
  bfmls   z31.h,z31.h,z7.h[7]
  movprfx z23.h,p3/m,z31.h
  bfmls   z23.h,p3/m,z13.h,z8.h
  movprfx z23,z31
  bfmls   z23.h,p3/m,z13.h,z8.h
  bfmls   z0.h,p0/m,z0.h,z0.h
  bfmls   z21.h,p5/m,z10.h,z21.h
  bfmls   z23.h,p3/m,z13.h,z8.h
  bfmls   z31.h,p7/m,z31.h,z31.h
  movprfx z23,z31
  bfmlslb z23.s,z13.h,z8.h
  bfmlslb z0.s,z0.h,z0.h
  bfmlslb z21.s,z10.h,z21.h
  bfmlslb z23.s,z13.h,z8.h
  bfmlslb z31.s,z31.h,z31.h
  movprfx z23,z31
  bfmlslb z23.s,z13.h,z0.h[3]
  bfmlslb z0.s,z0.h,z0.h[0]
  bfmlslb z21.s,z10.h,z5.h[4]
  bfmlslb z23.s,z13.h,z0.h[3]
  bfmlslb z31.s,z31.h,z7.h[7]
  movprfx z23,z31
  bfmlslt z23.s,z13.h,z8.h
  bfmlslt z0.s,z0.h,z0.h
  bfmlslt z21.s,z10.h,z21.h
  bfmlslt z23.s,z13.h,z8.h
  bfmlslt z31.s,z31.h,z31.h
  movprfx z23,z31
  bfmlslt z23.s,z13.h,z0.h[3]
  bfmlslt z0.s,z0.h,z0.h[0]
  bfmlslt z21.s,z10.h,z5.h[4]
  bfmlslt z23.s,z13.h,z0.h[3]
  bfmlslt z31.s,z31.h,z7.h[7]
  bfmul   z0.h,z0.h,z0.h[0]
  bfmul   z21.h,z10.h,z5.h[6]
  bfmul   z23.h,z13.h,z0.h[5]
  bfmul   z31.h,z31.h,z7.h[7]
  movprfx z23.h,p3/m,z31.h
  bfmul   z23.h,p3/m,z23.h,z13.h
  movprfx z23,z31
  bfmul   z23.h,p3/m,z23.h,z13.h
  bfmul   z0.h,p0/m,z0.h,z0.h
  bfmul   z21.h,p5/m,z21.h,z10.h
  bfmul   z23.h,p3/m,z23.h,z13.h
  bfmul   z31.h,p7/m,z31.h,z31.h
  bfmul   z0.h,z0.h,z0.h
  bfmul   z21.h,z10.h,z21.h
  bfmul   z23.h,z13.h,z8.h
  bfmul   z31.h,z31.h,z31.h
  movprfx z23.h,p3/m,z31.h
  bfsub   z23.h,p3/m,z23.h,z13.h
  movprfx z23,z31
  bfsub   z23.h,p3/m,z23.h,z13.h
  bfsub   z0.h,p0/m,z0.h,z0.h
  bfsub   z21.h,p5/m,z21.h,z10.h
  bfsub   z23.h,p3/m,z23.h,z13.h
  bfsub   z31.h,p7/m,z31.h,z31.h
  bfsub   z0.h,z0.h,z0.h
  bfsub   z21.h,z10.h,z21.h
  bfsub   z23.h,z13.h,z8.h
  bfsub   z31.h,z31.h,z31.h
  cntp    x0,pn0.h,vlx2
  cntp    x21,pn10.h,vlx4
  cntp    x23,pn13.h,vlx4
  cntp    xzr,pn15.h,vlx4
  cntp    x0,pn0.s,vlx2
  cntp    x21,pn10.s,vlx4
  cntp    x23,pn13.s,vlx4
  cntp    xzr,pn15.s,vlx4
  cntp    x0,pn0.d,vlx2
  cntp    x21,pn10.d,vlx4
  cntp    x23,pn13.d,vlx4
  cntp    xzr,pn15.d,vlx4
  cntp    x0,pn0.b,vlx2
  cntp    x21,pn10.b,vlx4
  cntp    x23,pn13.b,vlx4
  cntp    xzr,pn15.b,vlx4
  sclamp  z0.s,z1.s,z2.s
  sclamp  z0.s,z1.s,z2.s
  sclamp  z0.s,z1.s,z2.s
  sclamp  z0.s,z1.s,z2.s
  dupq    z0.h,z0.h[0]
  dupq    z21.h,z10.h[5]
  dupq    z23.h,z13.h[2]
  dupq    z31.h,z31.h[7]
  dupq    z0.s,z0.s[0]
  dupq    z21.s,z10.s[2]
  dupq    z23.s,z13.s[1]
  dupq    z31.s,z31.s[3]
  dupq    z0.d,z0.d[0]
  dupq    z21.d,z10.d[1]
  dupq    z23.d,z13.d[0]
  dupq    z31.d,z31.d[1]
  dupq    z0.b,z0.b[0]
  dupq    z21.b,z10.b[10]
  dupq    z23.b,z13.b[4]
  dupq    z31.b,z31.b[15]
  eorqv   v0.8h,p0,z0.h
  eorqv   v21.8h,p5,z10.h
  eorqv   v23.8h,p3,z13.h
  eorqv   v31.8h,p7,z31.h
  eorqv   v0.4s,p0,z0.s
  eorqv   v21.4s,p5,z10.s
  eorqv   v23.4s,p3,z13.s
  eorqv   v31.4s,p7,z31.s
  eorqv   v0.2d,p0,z0.d
  eorqv   v21.2d,p5,z10.d
  eorqv   v23.2d,p3,z13.d
  eorqv   v31.2d,p7,z31.d
  eorqv   v0.16b,p0,z0.b
  eorqv   v21.16b,p5,z10.b
  eorqv   v23.16b,p3,z13.b
  eorqv   v31.16b,p7,z31.b
  movprfx z23,z31
  extq    z23.b,z23.b,z13.b,#0x8
  extq    z0.b,z0.b,z0.b,#0x0
  extq    z21.b,z21.b,z10.b,#0x5
  extq    z23.b,z23.b,z13.b,#0x8
  extq    z31.b,z31.b,z31.b,#0x0F
  faddqv  v0.2d,p0,z0.d
  faddqv  v21.2d,p5,z10.d
  faddqv  v23.2d,p3,z13.d
  faddqv  v31.2d,p7,z31.d
  faddqv  v0.8h,p0,z0.h
  faddqv  v21.8h,p5,z10.h
  faddqv  v23.8h,p3,z13.h
  faddqv  v31.8h,p7,z31.h
  faddqv  v0.4s,p0,z0.s
  faddqv  v21.4s,p5,z10.s
  faddqv  v23.4s,p3,z13.s
  faddqv  v31.4s,p7,z31.s
  movprfx z23,z31
  fclamp  z23.d,z13.d,z8.d
  fclamp  z0.d,z0.d,z0.d
  fclamp  z21.d,z10.d,z21.d
  fclamp  z23.d,z13.d,z8.d
  fclamp  z31.d,z31.d,z31.d
  movprfx z23,z31
  fclamp  z23.h,z13.h,z8.h
  fclamp  z0.h,z0.h,z0.h
  fclamp  z21.h,z10.h,z21.h
  fclamp  z23.h,z13.h,z8.h
  fclamp  z31.h,z31.h,z31.h
  movprfx z23,z31
  fclamp  z23.s,z13.s,z8.s
  fclamp  z0.s,z0.s,z0.s
  fclamp  z21.s,z10.s,z21.s
  fclamp  z23.s,z13.s,z8.s
  fclamp  z31.s,z31.s,z31.s
  movprfx z23,z31
  fdot    z23.s,z13.h,z8.h
  fdot    z0.s,z0.h,z0.h
  fdot    z21.s,z10.h,z21.h
  fdot    z23.s,z13.h,z8.h
  fdot    z31.s,z31.h,z31.h
  movprfx z23,z31
  fdot    z23.s,z13.h,z0.h[1]
  fdot    z0.s,z0.h,z0.h[0]
  fdot    z21.s,z10.h,z5.h[2]
  fdot    z23.s,z13.h,z0.h[1]
  fdot    z31.s,z31.h,z7.h[3]
  cmla    z0.b,z1.b,z2.b,#0x0
  fmaxnmqv v0.2d,p0,z0.d
  fmaxnmqv v21.2d,p5,z10.d
  fmaxnmqv v23.2d,p3,z13.d
  fmaxnmqv v31.2d,p7,z31.d
  fmaxnmqv v0.8h,p0,z0.h
  fmaxnmqv v21.8h,p5,z10.h
  fmaxnmqv v23.8h,p3,z13.h
  fmaxnmqv v31.8h,p7,z31.h
  fmaxnmqv v0.4s,p0,z0.s
  fmaxnmqv v21.4s,p5,z10.s
  fmaxnmqv v23.4s,p3,z13.s
  fmaxnmqv v31.4s,p7,z31.s
  fmaxqv  v0.2d,p0,z0.d
  fmaxqv  v21.2d,p5,z10.d
  fmaxqv  v23.2d,p3,z13.d
  fmaxqv  v31.2d,p7,z31.d
  fmaxqv  v0.8h,p0,z0.h
  fmaxqv  v21.8h,p5,z10.h
  fmaxqv  v23.8h,p3,z13.h
  fmaxqv  v31.8h,p7,z31.h
  fmaxqv  v0.4s,p0,z0.s
  fmaxqv  v21.4s,p5,z10.s
  fmaxqv  v23.4s,p3,z13.s
  fmaxqv  v31.4s,p7,z31.s
  fminnmqv v0.2d,p0,z0.d
  fminnmqv v21.2d,p5,z10.d
  fminnmqv v23.2d,p3,z13.d
  fminnmqv v31.2d,p7,z31.d
  fminnmqv v0.8h,p0,z0.h
  fminnmqv v21.8h,p5,z10.h
  fminnmqv v23.8h,p3,z13.h
  fminnmqv v31.8h,p7,z31.h
  fminnmqv v0.4s,p0,z0.s
  fminnmqv v21.4s,p5,z10.s
  fminnmqv v23.4s,p3,z13.s
  fminnmqv v31.4s,p7,z31.s
  fminqv  v0.2d,p0,z0.d
  fminqv  v21.2d,p5,z10.d
  fminqv  v23.2d,p3,z13.d
  fminqv  v31.2d,p7,z31.d
  fminqv  v0.8h,p0,z0.h
  fminqv  v21.8h,p5,z10.h
  fminqv  v23.8h,p3,z13.h
  fminqv  v31.8h,p7,z31.h
  fminqv  v0.4s,p0,z0.s
  fminqv  v21.4s,p5,z10.s
  fminqv  v23.4s,p3,z13.s
  fminqv  v31.4s,p7,z31.s
  ld1b    {z0.b,z1.b},pn8/z,[x0,x0]
  ld1b    {z20.b,z21.b},pn13/z,[x10,x21]
  ld1b    {z22.b,z23.b},pn11/z,[x13,x8]
  ld1b    {z30.b,z31.b},pn15/z,[sp,xzr]
  ld1b    {z0.b,z1.b},pn8/z,[x0]
  ld1b    {z20.b,z21.b},pn13/z,[x10, #0x0A, mul vl]
  ld1b    {z22.b,z23.b},pn11/z,[x13, #-0x10, mul vl]
  ld1b    {z30.b,z31.b},pn15/z,[sp, #-0x2, mul vl]
  ld1b    {z0.b-z3.b},pn8/z,[x0,x0]
  ld1b    {z20.b-z23.b},pn13/z,[x10,x21]
  ld1b    {z20.b-z23.b},pn11/z,[x13,x8]
  ld1b    {z28.b-z31.b},pn15/z,[sp,xzr]
  ld1b    {z0.b-z3.b},pn8/z,[x0]
  ld1b    {z20.b-z23.b},pn13/z,[x10, #0x14, mul vl]
  ld1b    {z20.b-z23.b},pn11/z,[x13, #-0x20, mul vl]
  ld1b    {z28.b-z31.b},pn15/z,[sp, #-0x4, mul vl]
  ld1d    {z0.d,z1.d},pn8/z,[x0,x0,lsl #3]
  ld1d    {z20.d,z21.d},pn13/z,[x10,x21,lsl #3]
  ld1d    {z22.d,z23.d},pn11/z,[x13,x8,lsl #3]
  ld1d    {z30.d,z31.d},pn15/z,[sp,xzr,lsl #3]
  ld1d    {z0.d,z1.d},pn8/z,[x0]
  ld1d    {z20.d,z21.d},pn13/z,[x10, #0x0A, mul vl]
  ld1d    {z22.d,z23.d},pn11/z,[x13, #-0x10, mul vl]
  ld1d    {z30.d,z31.d},pn15/z,[sp, #-0x2, mul vl]
  ld1d    {z0.d-z3.d},pn8/z,[x0,x0,lsl #3]
  ld1d    {z20.d-z23.d},pn13/z,[x10,x21,lsl #3]
  ld1d    {z20.d-z23.d},pn11/z,[x13,x8,lsl #3]
  ld1d    {z28.d-z31.d},pn15/z,[sp,xzr,lsl #3]
  ld1d    {z0.d-z3.d},pn8/z,[x0]
  ld1d    {z20.d-z23.d},pn13/z,[x10, #0x14, mul vl]
  ld1d    {z20.d-z23.d},pn11/z,[x13, #-0x20, mul vl]
  ld1d    {z28.d-z31.d},pn15/z,[sp, #-0x4, mul vl]
  ld1d    {z0.q},p0/z,[x0,x0,lsl #3]
  ld1d    {z21.q},p5/z,[x10,x21,lsl #3]
  ld1d    {z23.q},p3/z,[x13,x8,lsl #3]
  ld1d    {z23.q},p3/z,[x13,x8,lsl #3]
  ld1d    {z0.q},p0/z,[x0]
  ld1d    {z0.q},p0/z,[x0]
  ld1d    {z21.q},p5/z,[x10, #0x5, mul vl]
  ld1d    {z23.q},p3/z,[x13, #-0x8, mul vl]
  ld1d    {z31.q},p7/z,[sp, #-0x1, mul vl]
  ld1d    {z31.q},p7/z,[sp, #-0x1, mul vl]
  ld1h    {z0.h,z1.h},pn8/z,[x0,x0,lsl #1]
  ld1h    {z20.h,z21.h},pn13/z,[x10,x21,lsl #1]
  ld1h    {z22.h,z23.h},pn11/z,[x13,x8,lsl #1]
  ld1h    {z30.h,z31.h},pn15/z,[sp,xzr,lsl #1]
  ld1h    {z0.h,z1.h},pn8/z,[x0]
  ld1h    {z20.h,z21.h},pn13/z,[x10, #0x0A, mul vl]
  ld1h    {z22.h,z23.h},pn11/z,[x13, #-0x10, mul vl]
  ld1h    {z30.h,z31.h},pn15/z,[sp, #-0x2, mul vl]
  ld1h    {z0.h-z3.h},pn8/z,[x0,x0,lsl #1]
  ld1h    {z20.h-z23.h},pn13/z,[x10,x21,lsl #1]
  ld1h    {z20.h-z23.h},pn11/z,[x13,x8,lsl #1]
  ld1h    {z28.h-z31.h},pn15/z,[sp,xzr,lsl #1]
  ld1h    {z0.h-z3.h},pn8/z,[x0]
  ld1h    {z20.h-z23.h},pn13/z,[x10, #0x14, mul vl]
  ld1h    {z20.h-z23.h},pn11/z,[x13, #-0x20, mul vl]
  ld1h    {z28.h-z31.h},pn15/z,[sp, #-0x4, mul vl]
  ld1q    {z0.q},p0/z,[z0.d,x0]
  ld1q    {z21.q},p5/z,[z10.d,x21]
  ld1q    {z23.q},p3/z,[z13.d,x8]
  ld1q    {z31.q},p7/z,[z31.d]
  ld1w    {z0.s,z1.s},pn8/z,[x0,x0,lsl #2]
  ld1w    {z20.s,z21.s},pn13/z,[x10,x21,lsl #2]
  ld1w    {z22.s,z23.s},pn11/z,[x13,x8,lsl #2]
  ld1w    {z30.s,z31.s},pn15/z,[sp,xzr,lsl #2]
  ld1w    {z0.s,z1.s},pn8/z,[x0]
  ld1w    {z20.s,z21.s},pn13/z,[x10, #0x0A, mul vl]
  ld1w    {z22.s,z23.s},pn11/z,[x13, #-0x10, mul vl]
  ld1w    {z30.s,z31.s},pn15/z,[sp, #-0x2, mul vl]
  ld1w    {z0.s-z3.s},pn8/z,[x0,x0,lsl #2]
  ld1w    {z20.s-z23.s},pn13/z,[x10,x21,lsl #2]
  ld1w    {z20.s-z23.s},pn11/z,[x13,x8,lsl #2]
  ld1w    {z28.s-z31.s},pn15/z,[sp,xzr,lsl #2]
  ld1w    {z0.s-z3.s},pn8/z,[x0]
  ld1w    {z20.s-z23.s},pn13/z,[x10, #0x14, mul vl]
  ld1w    {z20.s-z23.s},pn11/z,[x13, #-0x20, mul vl]
  ld1w    {z28.s-z31.s},pn15/z,[sp, #-0x4, mul vl]
  ld1w    {z0.q},p0/z,[x0,x0,lsl #2]
  ld1w    {z21.q},p5/z,[x10,x21,lsl #2]
  ld1w    {z23.q},p3/z,[x13,x8,lsl #2]
  ld1w    {z23.q},p3/z,[x13,x8,lsl #2]
  ld1w    {z0.q},p0/z,[x0]
  ld1w    {z21.q},p5/z,[x10, #0x5, mul vl]
  ld1w    {z23.q},p3/z,[x13, #-0x8, mul vl]
  ld1w    {z31.q},p7/z,[sp, #-0x1, mul vl]
  ld2q    {z0.q,z1.q},p0/z,[x0,x0,lsl #4]
  ld2q    {z21.q,z22.q},p5/z,[x10,x21,lsl #4]
  ld2q    {z23.q,z24.q},p3/z,[x13,x8,lsl #4]
  ld2q    {z0.q,z1.q},p0/z,[x0]
  ld2q    {z21.q,z22.q},p5/z,[x10, #0x0A, mul vl]
  ld2q    {z23.q,z24.q},p3/z,[x13, #-0x10, mul vl]
  ld2q    {z31.q,z0.q},p7/z,[sp, #-0x2, mul vl]
  ld3q    {z0.q-z2.q},p0/z,[x0,x0,lsl #4]
  ld3q    {z21.q-z23.q},p5/z,[x10,x21,lsl #4]
  ld3q    {z23.q-z25.q},p3/z,[x13,x8,lsl #4]
  ld3q    {z0.q-z2.q},p0/z,[x0]
  ld3q    {z21.q-z23.q},p5/z,[x10, #0x0F, mul vl]
  ld3q    {z23.q-z25.q},p3/z,[x13, #-0x18, mul vl]
  ld3q    {z31.q,z0.q,z1.q},p7/z,[sp, #-0x3, mul vl]
  ld4q    {z0.q-z3.q},p0/z,[x0,x0,lsl #4]
  ld4q    {z21.q-z24.q},p5/z,[x10,x21,lsl #4]
  ld4q    {z23.q-z26.q},p3/z,[x13,x8,lsl #4]
  ld4q    {z0.q-z3.q},p0/z,[x0]
  ld4q    {z21.q-z24.q},p5/z,[x10, #0x14, mul vl]
  ld4q    {z23.q-z26.q},p3/z,[x13, #-0x20, mul vl]
  ld4q    {z31.q,z0.q,z1.q,z2.q},p7/z,[sp, #-0x4, mul vl]
  ldnt1b  {z0.b,z1.b},pn8/z,[x0,x0]
  ldnt1b  {z20.b,z21.b},pn13/z,[x10,x21]
  ldnt1b  {z22.b,z23.b},pn11/z,[x13,x8]
  ldnt1b  {z30.b,z31.b},pn15/z,[sp,xzr]
  ldnt1b  {z0.b,z1.b},pn8/z,[x0]
  ldnt1b  {z20.b,z21.b},pn13/z,[x10, #0x0A, mul vl]
  ldnt1b  {z22.b,z23.b},pn11/z,[x13, #-0x10, mul vl]
  ldnt1b  {z30.b,z31.b},pn15/z,[sp, #-0x2, mul vl]
  ldnt1b  {z0.b-z3.b},pn8/z,[x0,x0]
  ldnt1b  {z20.b-z23.b},pn13/z,[x10,x21]
  ldnt1b  {z20.b-z23.b},pn11/z,[x13,x8]
  ldnt1b  {z28.b-z31.b},pn15/z,[sp,xzr]
  ldnt1b  {z0.b-z3.b},pn8/z,[x0]
  ldnt1b  {z20.b-z23.b},pn13/z,[x10, #0x14, mul vl]
  ldnt1b  {z20.b-z23.b},pn11/z,[x13, #-0x20, mul vl]
  ldnt1b  {z28.b-z31.b},pn15/z,[sp, #-0x4, mul vl]
  ldnt1d  {z0.d,z1.d},pn8/z,[x0,x0,lsl #3]
  ldnt1d  {z20.d,z21.d},pn13/z,[x10,x21,lsl #3]
  ldnt1d  {z22.d,z23.d},pn11/z,[x13,x8,lsl #3]
  ldnt1d  {z30.d,z31.d},pn15/z,[sp,xzr,lsl #3]
  ldnt1d  {z0.d,z1.d},pn8/z,[x0]
  ldnt1d  {z20.d,z21.d},pn13/z,[x10, #0x0A, mul vl]
  ldnt1d  {z22.d,z23.d},pn11/z,[x13, #-0x10, mul vl]
  ldnt1d  {z30.d,z31.d},pn15/z,[sp, #-0x2, mul vl]
  ldnt1d  {z0.d-z3.d},pn8/z,[x0,x0,lsl #3]
  ldnt1d  {z20.d-z23.d},pn13/z,[x10,x21,lsl #3]
  ldnt1d  {z20.d-z23.d},pn11/z,[x13,x8,lsl #3]
  ldnt1d  {z28.d-z31.d},pn15/z,[sp,xzr,lsl #3]
  ldnt1d  {z0.d-z3.d},pn8/z,[x0]
  ldnt1d  {z20.d-z23.d},pn13/z,[x10, #0x14, mul vl]
  ldnt1d  {z20.d-z23.d},pn11/z,[x13, #-0x20, mul vl]
  ldnt1d  {z28.d-z31.d},pn15/z,[sp, #-0x4, mul vl]
  ldnt1h  {z0.h,z1.h},pn8/z,[x0,x0,lsl #1]
  ldnt1h  {z20.h,z21.h},pn13/z,[x10,x21,lsl #1]
  ldnt1h  {z22.h,z23.h},pn11/z,[x13,x8,lsl #1]
  ldnt1h  {z30.h,z31.h},pn15/z,[sp,xzr,lsl #1]
  ldnt1h  {z0.h,z1.h},pn8/z,[x0]
  ldnt1h  {z20.h,z21.h},pn13/z,[x10, #0x0A, mul vl]
  ldnt1h  {z22.h,z23.h},pn11/z,[x13, #-0x10, mul vl]
  ldnt1h  {z30.h,z31.h},pn15/z,[sp, #-0x2, mul vl]
  ldnt1h  {z0.h-z3.h},pn8/z,[x0,x0,lsl #1]
  ldnt1h  {z20.h-z23.h},pn13/z,[x10,x21,lsl #1]
  ldnt1h  {z20.h-z23.h},pn11/z,[x13,x8,lsl #1]
  ldnt1h  {z28.h-z31.h},pn15/z,[sp,xzr,lsl #1]
  ldnt1h  {z0.h-z3.h},pn8/z,[x0]
  ldnt1h  {z20.h-z23.h},pn13/z,[x10, #0x14, mul vl]
  ldnt1h  {z20.h-z23.h},pn11/z,[x13, #-0x20, mul vl]
  ldnt1h  {z28.h-z31.h},pn15/z,[sp, #-0x4, mul vl]
  ldnt1w  {z0.s,z1.s},pn8/z,[x0,x0,lsl #2]
  ldnt1w  {z20.s,z21.s},pn13/z,[x10,x21,lsl #2]
  ldnt1w  {z22.s,z23.s},pn11/z,[x13,x8,lsl #2]
  ldnt1w  {z30.s,z31.s},pn15/z,[sp,xzr,lsl #2]
  ldnt1w  {z0.s,z1.s},pn8/z,[x0]
  ldnt1w  {z20.s,z21.s},pn13/z,[x10, #0x0A, mul vl]
  ldnt1w  {z22.s,z23.s},pn11/z,[x13, #-0x10, mul vl]
  ldnt1w  {z30.s,z31.s},pn15/z,[sp, #-0x2, mul vl]
  ldnt1w  {z0.s-z3.s},pn8/z,[x0,x0,lsl #2]
  ldnt1w  {z20.s-z23.s},pn13/z,[x10,x21,lsl #2]
  ldnt1w  {z20.s-z23.s},pn11/z,[x13,x8,lsl #2]
  ldnt1w  {z28.s-z31.s},pn15/z,[sp,xzr,lsl #2]
  ldnt1w  {z0.s-z3.s},pn8/z,[x0]
  ldnt1w  {z20.s-z23.s},pn13/z,[x10, #0x14, mul vl]
  ldnt1w  {z20.s-z23.s},pn11/z,[x13, #-0x20, mul vl]
  ldnt1w  {z28.s-z31.s},pn15/z,[sp, #-0x4, mul vl]
  orqv    v0.8h,p0,z0.h
  orqv    v21.8h,p5,z10.h
  orqv    v23.8h,p3,z13.h
  orqv    v31.8h,p7,z31.h
  orqv    v0.4s,p0,z0.s
  orqv    v21.4s,p5,z10.s
  orqv    v23.4s,p3,z13.s
  orqv    v31.4s,p7,z31.s
  orqv    v0.2d,p0,z0.d
  orqv    v21.2d,p5,z10.d
  orqv    v23.2d,p3,z13.d
  orqv    v31.2d,p7,z31.d
  orqv    v0.16b,p0,z0.b
  orqv    v21.16b,p5,z10.b
  orqv    v23.16b,p3,z13.b
  orqv    v31.16b,p7,z31.b
  pext    p0.h,pn8[0x0]
  pext    p5.h,pn10[0x1]
  pext    p7.h,pn13[0x1]
  pext    p15.h,pn15[0x3]
  pext    p0.s,pn8[0x0]
  pext    p5.s,pn10[0x1]
  pext    p7.s,pn13[0x1]
  pext    p15.s,pn15[0x3]
  pext    p0.d,pn8[0x0]
  pext    p5.d,pn10[0x1]
  pext    p7.d,pn13[0x1]
  pext    p15.d,pn15[0x3]
  pext    p0.b,pn8[0x0]
  pext    p5.b,pn10[0x1]
  pext    p7.b,pn13[0x1]
  pext    p15.b,pn15[0x3]
  pext    {p0.h,p1.h},pn8[0x0]
  pext    {p5.h,p6.h},pn10[0x1]
  pext    {p7.h,p8.h},pn13[0x1]
  pext    {p15.h,p0.h},pn15[0x1]
  pext    {p0.s,p1.s},pn8[0x0]
  pext    {p5.s,p6.s},pn10[0x1]
  pext    {p7.s,p8.s},pn13[0x1]
  pext    {p15.s,p0.s},pn15[0x1]
  pext    {p0.d,p1.d},pn8[0x0]
  pext    {p5.d,p6.d},pn10[0x1]
  pext    {p7.d,p8.d},pn13[0x1]
  pext    {p15.d,p0.d},pn15[0x1]
  pext    {p7.b,p8.b},pn13[0x1]
  pext    {p15.b,p0.b},pn15[0x1]
  pmov    p0.h,z0[0x0]
  pmov    p5.h,z10[0x0]
  pmov    p7.h,z13[0x0]
  pmov    p15.h,z31[0x1]
  pmov    p0.s,z0[0x0]
  pmov    p5.s,z10[0x2]
  pmov    p7.s,z13[0x0]
  pmov    p15.s,z31[0x3]
  pmov    p0.d,z0[0x0]
  pmov    p5.d,z10[0x6]
  pmov    p7.d,z13[0x4]
  pmov    p15.d,z31[0x7]
  pmov    p0.b,z0
  pmov    p5.b,z10
  pmov    p7.b,z13
  pmov    p15.b,z31
  pmov    p0.b,z0
  pmov    z0[0x0],p0.h
  pmov    z21[0x0],p10.h
  pmov    z23[0x0],p13.h
  pmov    z31[0x1],p15.h
  pmov    z0[0x0],p0.s
  pmov    z21[0x2],p10.s
  pmov    z23[0x0],p13.s
  pmov    z31[0x3],p15.s
  pmov    z0[0x0],p0.d
  pmov    z21[0x6],p10.d
  pmov    z23[0x4],p13.d
  pmov    z31[0x7],p15.d
  pmov    z0,p0.b
  pmov    z21,p10.b
  pmov    z23,p13.b
  pmov    z31,p15.b
  pmov    z0,p0.b
  ptrue   pn8.h
  ptrue   pn13.h
  ptrue   pn15.h
  ptrue   pn9.h
  ptrue   pn8.s
  ptrue   pn13.s
  ptrue   pn15.s
  ptrue   pn9.s
  ptrue   pn8.d
  ptrue   pn13.d
  ptrue   pn15.d
  ptrue   pn9.d
  ptrue   pn8.b
  ptrue   pn13.b
  ptrue   pn15.b
  ptrue   pn9.b
  movprfx z23,z31
  sdot    z23.s,z13.h,z0.h[1]
  sdot    z0.s,z0.h,z0.h[0]
  sdot    z21.s,z10.h,z5.h[2]
  sdot    z23.s,z13.h,z0.h[1]
  sdot    z31.s,z31.h,z7.h[3]
  movprfx z23,z31
  sdot    z23.s,z13.h,z8.h
  sdot    z0.s,z0.h,z0.h
  sdot    z21.s,z10.h,z21.h
  sdot    z23.s,z13.h,z8.h
  sdot    z31.s,z31.h,z31.h
  smaxqv  v0.8h,p0,z0.h
  smaxqv  v21.8h,p5,z10.h
  smaxqv  v23.8h,p3,z13.h
  smaxqv  v31.8h,p7,z31.h
  smaxqv  v0.4s,p0,z0.s
  smaxqv  v21.4s,p5,z10.s
  smaxqv  v23.4s,p3,z13.s
  smaxqv  v31.4s,p7,z31.s
  smaxqv  v0.2d,p0,z0.d
  smaxqv  v21.2d,p5,z10.d
  smaxqv  v23.2d,p3,z13.d
  smaxqv  v31.2d,p7,z31.d
  smaxqv  v0.16b,p0,z0.b
  smaxqv  v21.16b,p5,z10.b
  smaxqv  v23.16b,p3,z13.b
  smaxqv  v31.16b,p7,z31.b
  sminqv  v0.8h,p0,z0.h
  sminqv  v21.8h,p5,z10.h
  sminqv  v23.8h,p3,z13.h
  sminqv  v31.8h,p7,z31.h
  sminqv  v0.4s,p0,z0.s
  sminqv  v21.4s,p5,z10.s
  sminqv  v23.4s,p3,z13.s
  sminqv  v31.4s,p7,z31.s
  sminqv  v0.2d,p0,z0.d
  sminqv  v21.2d,p5,z10.d
  sminqv  v23.2d,p3,z13.d
  sminqv  v31.2d,p7,z31.d
  sminqv  v0.16b,p0,z0.b
  sminqv  v21.16b,p5,z10.b
  sminqv  v23.16b,p3,z13.b
  sminqv  v31.16b,p7,z31.b
  sqcvtn  z0.h,{z0.s,z1.s}
  sqcvtn  z21.h,{z10.s,z11.s}
  sqcvtn  z23.h,{z12.s,z13.s}
  sqcvtn  z31.h,{z30.s,z31.s}
  sqcvtun z0.h,{z0.s,z1.s}
  sqcvtun z21.h,{z10.s,z11.s}
  sqcvtun z23.h,{z12.s,z13.s}
  sqcvtun z31.h,{z30.s,z31.s}
  sqrshrn z0.h,{z0.s,z1.s},#0x10
  sqrshrn z21.h,{z10.s,z11.s},#0x0B
  sqrshrn z23.h,{z12.s,z13.s},#0x8
  sqrshrn z31.h,{z30.s,z31.s},#0x1
  sqrshrun z0.h,{z0.s,z1.s},#0x10
  sqrshrun z21.h,{z10.s,z11.s},#0x0B
  sqrshrun z23.h,{z12.s,z13.s},#0x8
  sqrshrun z31.h,{z30.s,z31.s},#0x1
  st1b    {z0.b,z1.b},pn8,[x0,x0]
  st1b    {z20.b,z21.b},pn13,[x10,x21]
  st1b    {z22.b,z23.b},pn11,[x13,x8]
  st1b    {z30.b,z31.b},pn15,[sp,xzr]
  st1b    {z0.b,z1.b},pn8,[x0]
  st1b    {z20.b,z21.b},pn13,[x10, #0x0A, mul vl]
  st1b    {z22.b,z23.b},pn11,[x13, #-0x10, mul vl]
  st1b    {z30.b,z31.b},pn15,[sp, #-0x2, mul vl]
  st1b    {z0.b-z3.b},pn8,[x0,x0]
  st1b    {z20.b-z23.b},pn13,[x10,x21]
  st1b    {z20.b-z23.b},pn11,[x13,x8]
  st1b    {z28.b-z31.b},pn15,[sp,xzr]
  st1b    {z0.b-z3.b},pn8,[x0]
  st1b    {z20.b-z23.b},pn13,[x10, #0x14, mul vl]
  st1b    {z20.b-z23.b},pn11,[x13, #-0x20, mul vl]
  st1b    {z28.b-z31.b},pn15,[sp, #-0x4, mul vl]
  st1d    {z0.d,z1.d},pn8,[x0,x0,lsl #3]
  st1d    {z20.d,z21.d},pn13,[x10,x21,lsl #3]
  st1d    {z22.d,z23.d},pn11,[x13,x8,lsl #3]
  st1d    {z30.d,z31.d},pn15,[sp,xzr,lsl #3]
  st1d    {z0.d,z1.d},pn8,[x0]
  st1d    {z20.d,z21.d},pn13,[x10, #0x0A, mul vl]
  st1d    {z22.d,z23.d},pn11,[x13, #-0x10, mul vl]
  st1d    {z30.d,z31.d},pn15,[sp, #-0x2, mul vl]
  st1d    {z0.d-z3.d},pn8,[x0,x0,lsl #3]
  st1d    {z20.d-z23.d},pn13,[x10,x21,lsl #3]
  st1d    {z20.d-z23.d},pn11,[x13,x8,lsl #3]
  st1d    {z28.d-z31.d},pn15,[sp,xzr,lsl #3]
  st1d    {z0.d-z3.d},pn8,[x0]
  st1d    {z20.d-z23.d},pn13,[x10, #0x14, mul vl]
  st1d    {z20.d-z23.d},pn11,[x13, #-0x20, mul vl]
  st1d    {z28.d-z31.d},pn15,[sp, #-0x4, mul vl]
  st1d    {z0.q},p0,[x0,x0,lsl #3]
  st1d    {z21.q},p5,[x10,x21,lsl #3]
  st1d    {z23.q},p3,[x13,x8,lsl #3]
  st1d    {z23.q},p3,[x13,x8,lsl #3]
  st1d    {z0.q},p0,[x0]
  st1d    {z0.q},p0,[x0]
  st1d    {z21.q},p5,[x10,#0x5,mul vl]
  st1d    {z23.q},p3,[x13,#-0x8,mul vl]
  st1d    {z31.q},p7,[sp,#-0x1,mul vl]
  st1d    {z31.q},p7,[sp,#-0x1,mul vl]
  st1h    {z0.h,z1.h},pn8,[x0,x0,lsl #1]
  st1h    {z20.h,z21.h},pn13,[x10,x21,lsl #1]
  st1h    {z22.h,z23.h},pn11,[x13,x8,lsl #1]
  st1h    {z30.h,z31.h},pn15,[sp,xzr,lsl #1]
  st1h    {z0.h,z1.h},pn8,[x0]
  st1h    {z20.h,z21.h},pn13,[x10, #0x0A, mul vl]
  st1h    {z22.h,z23.h},pn11,[x13, #-0x10, mul vl]
  st1h    {z30.h,z31.h},pn15,[sp, #-0x2, mul vl]
  st1h    {z0.h-z3.h},pn8,[x0,x0,lsl #1]
  st1h    {z20.h-z23.h},pn13,[x10,x21,lsl #1]
  st1h    {z20.h-z23.h},pn11,[x13,x8,lsl #1]
  st1h    {z28.h-z31.h},pn15,[sp,xzr,lsl #1]
  st1h    {z0.h-z3.h},pn8,[x0]
  st1h    {z20.h-z23.h},pn13,[x10, #0x14, mul vl]
  st1h    {z20.h-z23.h},pn11,[x13, #-0x20, mul vl]
  st1h    {z28.h-z31.h},pn15,[sp, #-0x4, mul vl]
  st1q    {z0.q},p0,[z0.d,x0]
  st1q    {z21.q},p5,[z10.d,x21]
  st1q    {z23.q},p3,[z13.d,x8]
  st1q    {z31.q},p7,[z31.d]
  st1w    {z0.s,z1.s},pn8,[x0,x0,lsl #2]
  st1w    {z20.s,z21.s},pn13,[x10,x21,lsl #2]
  st1w    {z22.s,z23.s},pn11,[x13,x8,lsl #2]
  st1w    {z30.s,z31.s},pn15,[sp,xzr,lsl #2]
  st1w    {z0.s,z1.s},pn8,[x0]
  st1w    {z20.s,z21.s},pn13,[x10, #0x0A, mul vl]
  st1w    {z22.s,z23.s},pn11,[x13, #-0x10, mul vl]
  st1w    {z30.s,z31.s},pn15,[sp, #-0x2, mul vl]
  st1w    {z0.s-z3.s},pn8,[x0,x0,lsl #2]
  st1w    {z20.s-z23.s},pn13,[x10,x21,lsl #2]
  st1w    {z20.s-z23.s},pn11,[x13,x8,lsl #2]
  st1w    {z28.s-z31.s},pn15,[sp,xzr,lsl #2]
  st1w    {z0.s-z3.s},pn8,[x0]
  st1w    {z20.s-z23.s},pn13,[x10, #0x14, mul vl]
  st1w    {z20.s-z23.s},pn11,[x13, #-0x20, mul vl]
  st1w    {z28.s-z31.s},pn15,[sp, #-0x4, mul vl]
  st1w    {z0.q},p0,[x0,x0,lsl #2]
  st1w    {z21.q},p5,[x10,x21,lsl #2]
  st1w    {z23.q},p3,[x13,x8,lsl #2]
  st1w    {z23.q},p3,[x13,x8,lsl #2]
  st1w    {z0.q},p0,[x0]
  st1w    {z0.q},p0,[x0]
  st1w    {z21.q},p5,[x10,#0x5,mul vl]
  st1w    {z23.q},p3,[x13,#-0x8,mul vl]
  st1w    {z31.q},p7,[sp,#-0x1,mul vl]
  st1w    {z31.q},p7,[sp,#-0x1,mul vl]
  st2q    {z0.q,z1.q},p0,[x0,x0,lsl #4]
  st2q    {z21.q,z22.q},p5,[x10,x21,lsl #4]
  st2q    {z23.q,z24.q},p3,[x13,x8,lsl #4]
  st2q    {z0.q,z1.q},p0,[x0]
  st2q    {z21.q,z22.q},p5,[x10, #0x0A, mul vl]
  st2q    {z23.q,z24.q},p3,[x13, #-0x10, mul vl]
  st2q    {z31.q,z0.q},p7,[sp, #-0x2, mul vl]
  st3q    {z0.q-z2.q},p0,[x0,x0,lsl #4]
  st3q    {z21.q-z23.q},p5,[x10,x21,lsl #4]
  st3q    {z23.q-z25.q},p3,[x13,x8,lsl #4]
  st3q    {z0.q-z2.q},p0,[x0]
  st3q    {z21.q-z23.q},p5,[x10, #0x0F, mul vl]
  st3q    {z23.q-z25.q},p3,[x13, #-0x18, mul vl]
  st3q    {z31.q,z0.q,z1.q},p7,[sp, #-0x3, mul vl]
  st4q    {z0.q-z3.q},p0,[x0,x0,lsl #4]
  st4q    {z21.q-z24.q},p5,[x10,x21,lsl #4]
  st4q    {z23.q-z26.q},p3,[x13,x8,lsl #4]
  st4q    {z0.q-z3.q},p0,[x0]
  st4q    {z21.q-z24.q},p5,[x10, #0x14, mul vl]
  st4q    {z23.q-z26.q},p3,[x13, #-0x20, mul vl]
  st4q    {z31.q,z0.q,z1.q,z2.q},p7,[sp, #-0x4, mul vl]
  stnt1b  {z0.b,z1.b},pn8,[x0,x0]
  stnt1b  {z20.b,z21.b},pn13,[x10,x21]
  stnt1b  {z22.b,z23.b},pn11,[x13,x8]
  stnt1b  {z30.b,z31.b},pn15,[sp,xzr]
  stnt1b  {z0.b,z1.b},pn8,[x0]
  stnt1b  {z20.b,z21.b},pn13,[x10, #0x0A, mul vl]
  stnt1b  {z22.b,z23.b},pn11,[x13, #-0x10, mul vl]
  stnt1b  {z30.b,z31.b},pn15,[sp, #-0x2, mul vl]
  stnt1b  {z0.b-z3.b},pn8,[x0,x0]
  stnt1b  {z20.b-z23.b},pn13,[x10,x21]
  stnt1b  {z20.b-z23.b},pn11,[x13,x8]
  stnt1b  {z28.b-z31.b},pn15,[sp,xzr]
  stnt1b  {z0.b-z3.b},pn8,[x0]
  stnt1b  {z20.b-z23.b},pn13,[x10, #0x14, mul vl]
  stnt1b  {z20.b-z23.b},pn11,[x13, #-0x20, mul vl]
  stnt1b  {z28.b-z31.b},pn15,[sp, #-0x4, mul vl]
  stnt1d  {z0.d,z1.d},pn8,[x0,x0,lsl #3]
  stnt1d  {z20.d,z21.d},pn13,[x10,x21,lsl #3]
  stnt1d  {z22.d,z23.d},pn11,[x13,x8,lsl #3]
  stnt1d  {z30.d,z31.d},pn15,[sp,xzr,lsl #3]
  stnt1d  {z0.d,z1.d},pn8,[x0]
  stnt1d  {z20.d,z21.d},pn13,[x10, #0x0A, mul vl]
  stnt1d  {z22.d,z23.d},pn11,[x13, #-0x10, mul vl]
  stnt1d  {z30.d,z31.d},pn15,[sp, #-0x2, mul vl]
  stnt1d  {z0.d-z3.d},pn8,[x0,x0,lsl #3]
  stnt1d  {z20.d-z23.d},pn13,[x10,x21,lsl #3]
  stnt1d  {z20.d-z23.d},pn11,[x13,x8,lsl #3]
  stnt1d  {z28.d-z31.d},pn15,[sp,xzr,lsl #3]
  stnt1d  {z0.d-z3.d},pn8,[x0]
  stnt1d  {z20.d-z23.d},pn13,[x10, #0x14, mul vl]
  stnt1d  {z20.d-z23.d},pn11,[x13, #-0x20, mul vl]
  stnt1d  {z28.d-z31.d},pn15,[sp, #-0x4, mul vl]
  stnt1h  {z0.h,z1.h},pn8,[x0,x0,lsl #1]
  stnt1h  {z20.h,z21.h},pn13,[x10,x21,lsl #1]
  stnt1h  {z22.h,z23.h},pn11,[x13,x8,lsl #1]
  stnt1h  {z30.h,z31.h},pn15,[sp,xzr,lsl #1]
  stnt1h  {z0.h,z1.h},pn8,[x0]
  stnt1h  {z20.h,z21.h},pn13,[x10, #0x0A, mul vl]
  stnt1h  {z22.h,z23.h},pn11,[x13, #-0x10, mul vl]
  stnt1h  {z30.h,z31.h},pn15,[sp, #-0x2, mul vl]
  stnt1h  {z0.h-z3.h},pn8,[x0,x0,lsl #1]
  stnt1h  {z20.h-z23.h},pn13,[x10,x21,lsl #1]
  stnt1h  {z20.h-z23.h},pn11,[x13,x8,lsl #1]
  stnt1h  {z28.h-z31.h},pn15,[sp,xzr,lsl #1]
  stnt1h  {z0.h-z3.h},pn8,[x0]
  stnt1h  {z20.h-z23.h},pn13,[x10, #0x14, mul vl]
  stnt1h  {z20.h-z23.h},pn11,[x13, #-0x20, mul vl]
  stnt1h  {z28.h-z31.h},pn15,[sp, #-0x4, mul vl]
  stnt1w  {z0.s,z1.s},pn8,[x0,x0,lsl #2]
  stnt1w  {z20.s,z21.s},pn13,[x10,x21,lsl #2]
  stnt1w  {z22.s,z23.s},pn11,[x13,x8,lsl #2]
  stnt1w  {z30.s,z31.s},pn15,[sp,xzr,lsl #2]
  stnt1w  {z0.s,z1.s},pn8,[x0]
  stnt1w  {z20.s,z21.s},pn13,[x10, #0x0A, mul vl]
  stnt1w  {z22.s,z23.s},pn11,[x13, #-0x10, mul vl]
  stnt1w  {z30.s,z31.s},pn15,[sp, #-0x2, mul vl]
  stnt1w  {z0.s-z3.s},pn8,[x0,x0,lsl #2]
  stnt1w  {z20.s-z23.s},pn13,[x10,x21,lsl #2]
  stnt1w  {z20.s-z23.s},pn11,[x13,x8,lsl #2]
  stnt1w  {z28.s-z31.s},pn15,[sp,xzr,lsl #2]
  stnt1w  {z0.s-z3.s},pn8,[x0]
  stnt1w  {z20.s-z23.s},pn13,[x10, #0x14, mul vl]
  stnt1w  {z20.s-z23.s},pn11,[x13, #-0x20, mul vl]
  stnt1w  {z28.s-z31.s},pn15,[sp, #-0x4, mul vl]
  tblq    z0.h,{z0.h},z0.h
  tblq    z21.h,{z10.h},z21.h
  tblq    z23.h,{z13.h},z8.h
  tblq    z31.h,{z31.h},z31.h
  tblq    z0.s,{z0.s},z0.s
  tblq    z21.s,{z10.s},z21.s
  tblq    z23.s,{z13.s},z8.s
  tblq    z31.s,{z31.s},z31.s
  tblq    z0.d,{z0.d},z0.d
  tblq    z21.d,{z10.d},z21.d
  tblq    z23.d,{z13.d},z8.d
  tblq    z31.d,{z31.d},z31.d
  tblq    z0.b,{z0.b},z0.b
  tblq    z21.b,{z10.b},z21.b
  tblq    z23.b,{z13.b},z8.b
  tblq    z31.b,{z31.b},z31.b
  tbxq    z0.h,z0.h,z0.h
  tbxq    z21.h,z10.h,z21.h
  tbxq    z23.h,z13.h,z8.h
  tbxq    z31.h,z31.h,z31.h
  tbxq    z0.s,z0.s,z0.s
  tbxq    z21.s,z10.s,z21.s
  tbxq    z23.s,z13.s,z8.s
  tbxq    z31.s,z31.s,z31.s
  tbxq    z0.d,z0.d,z0.d
  tbxq    z21.d,z10.d,z21.d
  tbxq    z23.d,z13.d,z8.d
  tbxq    z31.d,z31.d,z31.d
  tbxq    z0.b,z0.b,z0.b
  tbxq    z21.b,z10.b,z21.b
  tbxq    z23.b,z13.b,z8.b
  tbxq    z31.b,z31.b,z31.b
  movprfx z23,z31
  udot    z23.s,z13.h,z0.h[1]
  udot    z0.s,z0.h,z0.h[0]
  udot    z21.s,z10.h,z5.h[2]
  udot    z23.s,z13.h,z0.h[1]
  udot    z31.s,z31.h,z7.h[3]
  movprfx z23,z31
  udot    z23.s,z13.h,z8.h
  udot    z0.s,z0.h,z0.h
  udot    z21.s,z10.h,z21.h
  udot    z23.s,z13.h,z8.h
  udot    z31.s,z31.h,z31.h
  umaxqv  v0.8h,p0,z0.h
  umaxqv  v21.8h,p5,z10.h
  umaxqv  v23.8h,p3,z13.h
  umaxqv  v31.8h,p7,z31.h
  umaxqv  v0.4s,p0,z0.s
  umaxqv  v21.4s,p5,z10.s
  umaxqv  v23.4s,p3,z13.s
  umaxqv  v31.4s,p7,z31.s
  umaxqv  v0.2d,p0,z0.d
  umaxqv  v21.2d,p5,z10.d
  umaxqv  v23.2d,p3,z13.d
  umaxqv  v31.2d,p7,z31.d
  umaxqv  v0.16b,p0,z0.b
  umaxqv  v21.16b,p5,z10.b
  umaxqv  v23.16b,p3,z13.b
  umaxqv  v31.16b,p7,z31.b
  uminqv  v0.8h,p0,z0.h
  uminqv  v21.8h,p5,z10.h
  uminqv  v23.8h,p3,z13.h
  uminqv  v31.8h,p7,z31.h
  uminqv  v0.4s,p0,z0.s
  uminqv  v21.4s,p5,z10.s
  uminqv  v23.4s,p3,z13.s
  uminqv  v31.4s,p7,z31.s
  uminqv  v0.2d,p0,z0.d
  uminqv  v21.2d,p5,z10.d
  uminqv  v23.2d,p3,z13.d
  uminqv  v31.2d,p7,z31.d
  uminqv  v0.16b,p0,z0.b
  uminqv  v21.16b,p5,z10.b
  uminqv  v23.16b,p3,z13.b
  uminqv  v31.16b,p7,z31.b
  uqcvtn  z0.h,{z0.s,z1.s}
  uqcvtn  z21.h,{z10.s,z11.s}
  uqcvtn  z23.h,{z12.s,z13.s}
  uqcvtn  z31.h,{z30.s,z31.s}
  uqrshrn z0.h,{z0.s,z1.s},#0x10
  uqrshrn z21.h,{z10.s,z11.s},#0x0B
  uqrshrn z23.h,{z12.s,z13.s},#0x8
  uqrshrn z31.h,{z30.s,z31.s},#0x1
  uzpq1   z0.h,z0.h,z0.h
  uzpq1   z21.h,z10.h,z21.h
  uzpq1   z23.h,z13.h,z8.h
  uzpq1   z31.h,z31.h,z31.h
  uzpq1   z0.s,z0.s,z0.s
  uzpq1   z21.s,z10.s,z21.s
  uzpq1   z23.s,z13.s,z8.s
  uzpq1   z31.s,z31.s,z31.s
  uzpq1   z0.d,z0.d,z0.d
  uzpq1   z21.d,z10.d,z21.d
  uzpq1   z23.d,z13.d,z8.d
  uzpq1   z31.d,z31.d,z31.d
  uzpq1   z0.b,z0.b,z0.b
  uzpq1   z21.b,z10.b,z21.b
  uzpq1   z23.b,z13.b,z8.b
  uzpq1   z31.b,z31.b,z31.b
  uzpq2   z0.h,z0.h,z0.h
  uzpq2   z21.h,z10.h,z21.h
  uzpq2   z23.h,z13.h,z8.h
  uzpq2   z31.h,z31.h,z31.h
  uzpq2   z0.s,z0.s,z0.s
  uzpq2   z21.s,z10.s,z21.s
  uzpq2   z23.s,z13.s,z8.s
  uzpq2   z31.s,z31.s,z31.s
  uzpq2   z0.d,z0.d,z0.d
  uzpq2   z21.d,z10.d,z21.d
  uzpq2   z23.d,z13.d,z8.d
  uzpq2   z31.d,z31.d,z31.d
  uzpq2   z0.b,z0.b,z0.b
  uzpq2   z21.b,z10.b,z21.b
  uzpq2   z23.b,z13.b,z8.b
  uzpq2   z31.b,z31.b,z31.b
  whilege pn8.h,x0,x0,vlx2
  whilege pn13.h,x10,x21,vlx2
  whilege pn15.h,x13,x8,vlx4
  whilege pn15.h,xzr,xzr,vlx4
  whilege {p0.h,p1.h},x0,x0
  whilege {p4.h,p5.h},x10,x21
  whilege {p6.h,p7.h},x13,x8
  whilege {p14.h,p15.h},xzr,xzr
  whilege pn8.s,x0,x0,vlx2
  whilege pn13.s,x10,x21,vlx2
  whilege pn15.s,x13,x8,vlx4
  whilege pn15.s,xzr,xzr,vlx4
  whilege {p0.s,p1.s},x0,x0
  whilege {p4.s,p5.s},x10,x21
  whilege {p6.s,p7.s},x13,x8
  whilege {p14.s,p15.s},xzr,xzr
  whilege pn8.d,x0,x0,vlx2
  whilege pn13.d,x10,x21,vlx2
  whilege pn15.d,x13,x8,vlx4
  whilege pn15.d,xzr,xzr,vlx4
  whilege {p0.d,p1.d},x0,x0
  whilege {p4.d,p5.d},x10,x21
  whilege {p6.d,p7.d},x13,x8
  whilege {p14.d,p15.d},xzr,xzr
  whilege pn8.b,x0,x0,vlx2
  whilege pn13.b,x10,x21,vlx2
  whilege pn15.b,x13,x8,vlx4
  whilege pn15.b,xzr,xzr,vlx4
  whilege {p0.b,p1.b},x0,x0
  whilege {p4.b,p5.b},x10,x21
  whilege {p6.b,p7.b},x13,x8
  whilege {p14.b,p15.b},xzr,xzr
  whilegt pn8.h,x0,x0,vlx2
  whilegt pn13.h,x10,x21,vlx2
  whilegt pn15.h,x13,x8,vlx4
  whilegt pn15.h,xzr,xzr,vlx4
  whilegt {p0.h,p1.h},x0,x0
  whilegt {p4.h,p5.h},x10,x21
  whilegt {p6.h,p7.h},x13,x8
  whilegt {p14.h,p15.h},xzr,xzr
  whilegt pn8.s,x0,x0,vlx2
  whilegt pn13.s,x10,x21,vlx2
  whilegt pn15.s,x13,x8,vlx4
  whilegt pn15.s,xzr,xzr,vlx4
  whilegt {p0.s,p1.s},x0,x0
  whilegt {p4.s,p5.s},x10,x21
  whilegt {p6.s,p7.s},x13,x8
  whilegt {p14.s,p15.s},xzr,xzr
  whilegt pn8.d,x0,x0,vlx2
  whilegt pn13.d,x10,x21,vlx2
  whilegt pn15.d,x13,x8,vlx4
  whilegt pn15.d,xzr,xzr,vlx4
  whilegt {p0.d,p1.d},x0,x0
  whilegt {p4.d,p5.d},x10,x21
  whilegt {p6.d,p7.d},x13,x8
  whilegt {p14.d,p15.d},xzr,xzr
  whilegt pn8.b,x0,x0,vlx2
  whilegt pn13.b,x10,x21,vlx2
  whilegt pn15.b,x13,x8,vlx4
  whilegt pn15.b,xzr,xzr,vlx4
  whilegt {p0.b,p1.b},x0,x0
  whilegt {p4.b,p5.b},x10,x21
  whilegt {p6.b,p7.b},x13,x8
  whilegt {p14.b,p15.b},xzr,xzr
  whilehi pn8.h,x0,x0,vlx2
  whilehi pn13.h,x10,x21,vlx2
  whilehi pn15.h,x13,x8,vlx4
  whilehi pn15.h,xzr,xzr,vlx4
  whilehi {p0.h,p1.h},x0,x0
  whilehi {p4.h,p5.h},x10,x21
  whilehi {p6.h,p7.h},x13,x8
  whilehi {p14.h,p15.h},xzr,xzr
  whilehi pn8.s,x0,x0,vlx2
  whilehi pn13.s,x10,x21,vlx2
  whilehi pn15.s,x13,x8,vlx4
  whilehi pn15.s,xzr,xzr,vlx4
  whilehi {p0.s,p1.s},x0,x0
  whilehi {p4.s,p5.s},x10,x21
  whilehi {p6.s,p7.s},x13,x8
  whilehi {p14.s,p15.s},xzr,xzr
  whilehi pn8.d,x0,x0,vlx2
  whilehi pn13.d,x10,x21,vlx2
  whilehi pn15.d,x13,x8,vlx4
  whilehi pn15.d,xzr,xzr,vlx4
  whilehi {p0.d,p1.d},x0,x0
  whilehi {p4.d,p5.d},x10,x21
  whilehi {p6.d,p7.d},x13,x8
  whilehi {p14.d,p15.d},xzr,xzr
  whilehi pn8.b,x0,x0,vlx2
  whilehi pn13.b,x10,x21,vlx2
  whilehi pn15.b,x13,x8,vlx4
  whilehi pn15.b,xzr,xzr,vlx4
  whilehi {p0.b,p1.b},x0,x0
  whilehi {p4.b,p5.b},x10,x21
  whilehi {p6.b,p7.b},x13,x8
  whilehi {p14.b,p15.b},xzr,xzr
  whilehs pn8.h,x0,x0,vlx2
  whilehs pn13.h,x10,x21,vlx2
  whilehs pn15.h,x13,x8,vlx4
  whilehs pn15.h,xzr,xzr,vlx4
  whilehs {p0.h,p1.h},x0,x0
  whilehs {p4.h,p5.h},x10,x21
  whilehs {p6.h,p7.h},x13,x8
  whilehs {p14.h,p15.h},xzr,xzr
  whilehs pn8.s,x0,x0,vlx2
  whilehs pn13.s,x10,x21,vlx2
  whilehs pn15.s,x13,x8,vlx4
  whilehs pn15.s,xzr,xzr,vlx4
  whilehs {p0.s,p1.s},x0,x0
  whilehs {p4.s,p5.s},x10,x21
  whilehs {p6.s,p7.s},x13,x8
  whilehs {p14.s,p15.s},xzr,xzr
  whilehs pn8.d,x0,x0,vlx2
  whilehs pn13.d,x10,x21,vlx2
  whilehs pn15.d,x13,x8,vlx4
  whilehs pn15.d,xzr,xzr,vlx4
  whilehs {p0.d,p1.d},x0,x0
  whilehs {p4.d,p5.d},x10,x21
  whilehs {p6.d,p7.d},x13,x8
  whilehs {p14.d,p15.d},xzr,xzr
  whilehs pn8.b,x0,x0,vlx2
  whilehs pn13.b,x10,x21,vlx2
  whilehs pn15.b,x13,x8,vlx4
  whilehs pn15.b,xzr,xzr,vlx4
  whilehs {p0.b,p1.b},x0,x0
  whilehs {p4.b,p5.b},x10,x21
  whilehs {p6.b,p7.b},x13,x8
  whilehs {p14.b,p15.b},xzr,xzr
  whilele pn8.h,x0,x0,vlx2
  whilele pn13.h,x10,x21,vlx2
  whilele pn15.h,x13,x8,vlx4
  whilele pn15.h,xzr,xzr,vlx4
  whilele {p0.h,p1.h},x0,x0
  whilele {p4.h,p5.h},x10,x21
  whilele {p6.h,p7.h},x13,x8
  whilele {p14.h,p15.h},xzr,xzr
  whilele pn8.s,x0,x0,vlx2
  whilele pn13.s,x10,x21,vlx2
  whilele pn15.s,x13,x8,vlx4
  whilele pn15.s,xzr,xzr,vlx4
  whilele {p0.s,p1.s},x0,x0
  whilele {p4.s,p5.s},x10,x21
  whilele {p6.s,p7.s},x13,x8
  whilele {p14.s,p15.s},xzr,xzr
  whilele pn8.d,x0,x0,vlx2
  whilele pn13.d,x10,x21,vlx2
  whilele pn15.d,x13,x8,vlx4
  whilele pn15.d,xzr,xzr,vlx4
  whilele {p0.d,p1.d},x0,x0
  whilele {p4.d,p5.d},x10,x21
  whilele {p6.d,p7.d},x13,x8
  whilele {p14.d,p15.d},xzr,xzr
  whilele pn8.b,x0,x0,vlx2
  whilele pn13.b,x10,x21,vlx2
  whilele pn15.b,x13,x8,vlx4
  whilele pn15.b,xzr,xzr,vlx4
  whilele {p0.b,p1.b},x0,x0
  whilele {p4.b,p5.b},x10,x21
  whilele {p6.b,p7.b},x13,x8
  whilele {p14.b,p15.b},xzr,xzr
  whilelo pn8.h,x0,x0,vlx2
  whilelo pn13.h,x10,x21,vlx2
  whilelo pn15.h,x13,x8,vlx4
  whilelo pn15.h,xzr,xzr,vlx4
  whilelo {p0.h,p1.h},x0,x0
  whilelo {p4.h,p5.h},x10,x21
  whilelo {p6.h,p7.h},x13,x8
  whilelo {p14.h,p15.h},xzr,xzr
  whilelo pn8.s,x0,x0,vlx2
  whilelo pn13.s,x10,x21,vlx2
  whilelo pn15.s,x13,x8,vlx4
  whilelo pn15.s,xzr,xzr,vlx4
  whilelo {p0.s,p1.s},x0,x0
  whilelo {p4.s,p5.s},x10,x21
  whilelo {p6.s,p7.s},x13,x8
  whilelo {p14.s,p15.s},xzr,xzr
  whilelo pn8.d,x0,x0,vlx2
  whilelo pn13.d,x10,x21,vlx2
  whilelo pn15.d,x13,x8,vlx4
  whilelo pn15.d,xzr,xzr,vlx4
  whilelo {p0.d,p1.d},x0,x0
  whilelo {p4.d,p5.d},x10,x21
  whilelo {p6.d,p7.d},x13,x8
  whilelo {p14.d,p15.d},xzr,xzr
  whilelo pn8.b,x0,x0,vlx2
  whilelo pn13.b,x10,x21,vlx2
  whilelo pn15.b,x13,x8,vlx4
  whilelo pn15.b,xzr,xzr,vlx4
  whilelo {p0.b,p1.b},x0,x0
  whilelo {p4.b,p5.b},x10,x21
  whilelo {p6.b,p7.b},x13,x8
  whilelo {p14.b,p15.b},xzr,xzr
  whilels pn8.h,x0,x0,vlx2
  whilels pn13.h,x10,x21,vlx2
  whilels pn15.h,x13,x8,vlx4
  whilels pn15.h,xzr,xzr,vlx4
  whilels {p0.h,p1.h},x0,x0
  whilels {p4.h,p5.h},x10,x21
  whilels {p6.h,p7.h},x13,x8
  whilels {p14.h,p15.h},xzr,xzr
  whilels pn8.s,x0,x0,vlx2
  whilels pn13.s,x10,x21,vlx2
  whilels pn15.s,x13,x8,vlx4
  whilels pn15.s,xzr,xzr,vlx4
  whilels {p0.s,p1.s},x0,x0
  whilels {p4.s,p5.s},x10,x21
  whilels {p6.s,p7.s},x13,x8
  whilels {p14.s,p15.s},xzr,xzr
  whilels pn8.d,x0,x0,vlx2
  whilels pn13.d,x10,x21,vlx2
  whilels pn15.d,x13,x8,vlx4
  whilels pn15.d,xzr,xzr,vlx4
  whilels {p0.d,p1.d},x0,x0
  whilels {p4.d,p5.d},x10,x21
  whilels {p6.d,p7.d},x13,x8
  whilels {p14.d,p15.d},xzr,xzr
  whilels pn8.b,x0,x0,vlx2
  whilels pn13.b,x10,x21,vlx2
  whilels pn15.b,x13,x8,vlx4
  whilels pn15.b,xzr,xzr,vlx4
  whilels {p0.b,p1.b},x0,x0
  whilels {p4.b,p5.b},x10,x21
  whilels {p6.b,p7.b},x13,x8
  whilels {p14.b,p15.b},xzr,xzr
  whilelt pn8.h,x0,x0,vlx2
  whilelt pn13.h,x10,x21,vlx2
  whilelt pn15.h,x13,x8,vlx4
  whilelt pn15.h,xzr,xzr,vlx4
  whilelt {p0.h,p1.h},x0,x0
  whilelt {p4.h,p5.h},x10,x21
  whilelt {p6.h,p7.h},x13,x8
  whilelt {p14.h,p15.h},xzr,xzr
  whilelt pn8.s,x0,x0,vlx2
  whilelt pn13.s,x10,x21,vlx2
  whilelt pn15.s,x13,x8,vlx4
  whilelt pn15.s,xzr,xzr,vlx4
  whilelt {p0.s,p1.s},x0,x0
  whilelt {p4.s,p5.s},x10,x21
  whilelt {p6.s,p7.s},x13,x8
  whilelt {p14.s,p15.s},xzr,xzr
  whilelt pn8.d,x0,x0,vlx2
  whilelt pn13.d,x10,x21,vlx2
  whilelt pn15.d,x13,x8,vlx4
  whilelt pn15.d,xzr,xzr,vlx4
  whilelt {p0.d,p1.d},x0,x0
  whilelt {p4.d,p5.d},x10,x21
  whilelt {p6.d,p7.d},x13,x8
  whilelt {p14.d,p15.d},xzr,xzr
  whilelt pn8.b,x0,x0,vlx2
  whilelt pn13.b,x10,x21,vlx2
  whilelt pn15.b,x13,x8,vlx4
  whilelt pn15.b,xzr,xzr,vlx4
  whilelt {p0.b,p1.b},x0,x0
  whilelt {p4.b,p5.b},x10,x21
  whilelt {p6.b,p7.b},x13,x8
  whilelt {p14.b,p15.b},xzr,xzr
  zipq1   z0.h,z0.h,z0.h
  zipq1   z21.h,z10.h,z21.h
  zipq1   z23.h,z13.h,z8.h
  zipq1   z31.h,z31.h,z31.h
  zipq1   z0.s,z0.s,z0.s
  zipq1   z21.s,z10.s,z21.s
  zipq1   z23.s,z13.s,z8.s
  zipq1   z31.s,z31.s,z31.s
  zipq1   z0.d,z0.d,z0.d
  zipq1   z21.d,z10.d,z21.d
  zipq1   z23.d,z13.d,z8.d
  zipq1   z31.d,z31.d,z31.d
  zipq1   z0.b,z0.b,z0.b
  zipq1   z21.b,z10.b,z21.b
  zipq1   z23.b,z13.b,z8.b
  zipq1   z31.b,z31.b,z31.b
  zipq2   z0.h,z0.h,z0.h
  zipq2   z21.h,z10.h,z21.h
  zipq2   z23.h,z13.h,z8.h
  zipq2   z31.h,z31.h,z31.h
  zipq2   z0.s,z0.s,z0.s
  zipq2   z21.s,z10.s,z21.s
  zipq2   z23.s,z13.s,z8.s
  zipq2   z31.s,z31.s,z31.s
  zipq2   z0.d,z0.d,z0.d
  zipq2   z21.d,z10.d,z21.d
  zipq2   z23.d,z13.d,z8.d
  zipq2   z31.d,z31.d,z31.d
  zipq2   z0.b,z0.b,z0.b
  zipq2   z21.b,z10.b,z21.b
  zipq2   z23.b,z13.b,z8.b
  zipq2   z31.b,z31.b,z31.b
